2015-06-05 12:36:46,326 - [INFO] - from play in main 
Application started (Prod)

2015-06-05 12:36:46,412 - [INFO] - from play in main 
Listening for HTTP on /0:0:0:0:0:0:0:0:9000

2015-06-05 15:19:09,288 - [INFO] - from play in main 
Application started (Prod)

2015-06-05 15:19:09,388 - [INFO] - from play in main 
Listening for HTTP on /0:0:0:0:0:0:0:0:9000

2015-06-08 12:42:00,346 - [INFO] - from play in main 
Application started (Prod)

2015-06-08 12:42:00,456 - [INFO] - from play in main 
Listening for HTTP on /0:0:0:0:0:0:0:0:9000

2015-06-08 13:48:24,138 - [INFO] - from play in main 
Application started (Prod)

2015-06-08 13:48:24,241 - [INFO] - from play in main 
Listening for HTTP on /0:0:0:0:0:0:0:0:9000

2015-06-09 11:03:50,979 - [INFO] - from play in main 
Application started (Prod)

2015-06-09 11:03:51,306 - [INFO] - from play in main 
Listening for HTTP on /0:0:0:0:0:0:0:0:9000

2015-08-10 09:44:30,323 - [INFO] - from play in main 
database [default] connected at jdbc:mysql://localhost:8889/health

2015-08-10 09:44:30,339 - [INFO] - from play in main 
Application started (Prod)

2015-08-10 09:44:30,417 - [INFO] - from play in main 
Listening for HTTP on /0:0:0:0:0:0:0:0:9000

2015-08-10 09:44:51,847 - [INFO] - from play in New I/O worker #1 
Starting application default Akka system.

2015-08-10 09:48:20,076 - [INFO] - from play in main 
database [default] connected at jdbc:mysql://localhost:8889/health

2015-08-10 09:48:20,117 - [INFO] - from play in main 
Application started (Prod)

