New log file opened at Wed Jun 10 12:31:05 BST 2015 by 909@jacks-MacBook-Pro.local
Taking next connection to: 49881
New client attempting to connect on port: 49882-49881
  Address = /129.12.211.175:49881
This client on port 49882 has uuid 4aa2e5ff-98b7-439e-8487-89c2cc64211c configName play-fork-run humanReadableName Play Fork Run protocolVersion 1 featureTags Vector()
Connected Clients: play-fork-run-4aa2e5ff-98b7-439e-8487-89c2cc64211c
Taking next connection to: 49881
New client attempting to connect on port: 49901-49881
  Address = /129.12.211.175:49881
Handshake exception on socket: 49901
sbt.impl.ipc.HandshakeException: Unable to perform handshake
	at sbt.impl.ipc.Peer.handshake(IPC.scala:46)
	at sbt.impl.ipc.MultiClientServer.<init>(IPC.scala:150)
	at sbt.server.SbtServerSocketHandler$$anon$1.run(SbtServerSocketHandler.scala:43)
Caused by: java.io.EOFException
	at java.io.DataInputStream.readInt(DataInputStream.java:392)
	at sbt.impl.ipc.Peer.receive(IPC.scala:95)
	at sbt.impl.ipc.Peer.handshake(IPC.scala:49)
	... 2 more
Taking next connection to: 49881
New client attempting to connect on port: 49902-49881
  Address = /129.12.211.175:49881
This client on port 49902 has uuid 4f860bb4-8a8f-4fd5-ad80-0c678ed89600 configName play-fork-run humanReadableName Play Fork Run protocolVersion 1 featureTags Vector()
Connected Clients: play-fork-run-4f860bb4-8a8f-4fd5-ad80-0c678ed89600
Taking next connection to: 49881
