New log file opened at Tue Jul 21 14:55:16 BST 2015 by 6890@jacks-MacBook-Pro.local
Sending msg to client play-fork-run-9053340c-9182-4414-9513-a6db0e3f960f: DetachedLogEvent(LogMessage(debug,sbt server socket logs are in: /Users/jackdavey/Documents/Testing-And-Tailoring-Cloud-Storages/cloudStorage/.sbtserver/connections/master.log))
Sending msg to client play-fork-run-9053340c-9182-4414-9513-a6db0e3f960f: DetachedLogEvent(LogMessage(debug,sbt client logs are in: /Users/jackdavey/Documents/Testing-And-Tailoring-Cloud-Storages/cloudStorage/.sbtserver/connections/play-fork-run-9053340c-9182-4414-9513-a6db0e3f960f.log))
Reading next message from client.
Sending msg to client play-fork-run-9053340c-9182-4414-9513-a6db0e3f960f: DetachedLogEvent(LogMessage(debug,sbt general server logs are in: /Users/jackdavey/Documents/Testing-And-Tailoring-Cloud-Storages/cloudStorage/.sbtserver/master.log))
Got request: ListenToEvents()
Reading next message from client.
Sending msg to client play-fork-run-9053340c-9182-4414-9513-a6db0e3f960f: DetachedLogEvent(LogMessage(debug,> --initialize))
Sending msg to client play-fork-run-9053340c-9182-4414-9513-a6db0e3f960f: (3,ReceivedResponse())
Sending msg to client play-fork-run-9053340c-9182-4414-9513-a6db0e3f960f: DetachedLogEvent(LogMessage(debug,> initialize))
Sending msg to client play-fork-run-9053340c-9182-4414-9513-a6db0e3f960f: DetachedLogEvent(LogMessage(debug,> onFailure load-failed))
Sending msg to client play-fork-run-9053340c-9182-4414-9513-a6db0e3f960f: DetachedLogEvent(LogMessage(debug,> boot))
Sending msg to client play-fork-run-9053340c-9182-4414-9513-a6db0e3f960f: DetachedLogEvent(LogMessage(debug,> reload))
Sending msg to client play-fork-run-9053340c-9182-4414-9513-a6db0e3f960f: DetachedLogEvent(LogMessage(debug,[Loading] Scanning directory /Users/jackdavey/Documents/Testing-And-Tailoring-Cloud-Storages/cloudStorage/project))
Sending msg to client play-fork-run-9053340c-9182-4414-9513-a6db0e3f960f: DetachedLogEvent(LogMessage(debug,[Loading] Found non-root projects ))
Sending msg to client play-fork-run-9053340c-9182-4414-9513-a6db0e3f960f: DetachedLogEvent(LogMessage(debug,[Loading] Done in /Users/jackdavey/Documents/Testing-And-Tailoring-Cloud-Storages/cloudStorage/project, returning: ()))
Sending msg to client play-fork-run-9053340c-9182-4414-9513-a6db0e3f960f: DetachedLogEvent(LogMessage(debug,deducing auto plugins based on known facts Set(Atom(sbt.plugins.CorePlugin)) and clauses Clauses(List(Clause(Atom(sbt.plugins.JvmPlugin),Set(Atom(sbt.plugins.IvyPlugin))), Clause(Atom(sbt.plugins.JUnitXmlReportPlugin),Set(Atom(sbt.plugins.JvmPlugin))), Clause(Atom(sbt.plugins.CorePlugin),Set(Atom(sbt.plugins.IvyPlugin))), Clause(Atom(sbt.plugins.IvyPlugin),Set(Atom(sbt.plugins.JvmPlugin))), Clause(Atom(sbt.plugins.JvmPlugin),Set(Atom(sbt.plugins.JUnitXmlReportPlugin)))))))
Sending msg to client play-fork-run-9053340c-9182-4414-9513-a6db0e3f960f: DetachedLogEvent(LogMessage(debug,  :: deduced result: Matched(sbt.plugins.CorePlugin,sbt.plugins.IvyPlugin,sbt.plugins.JvmPlugin,sbt.plugins.JUnitXmlReportPlugin)))
Sending msg to client play-fork-run-9053340c-9182-4414-9513-a6db0e3f960f: DetachedLogEvent(LogMessage(debug,sorting: ns: List(sbt.plugins.CorePlugin, sbt.plugins.IvyPlugin, sbt.plugins.JvmPlugin, sbt.plugins.JUnitXmlReportPlugin)))
Sending msg to client play-fork-run-9053340c-9182-4414-9513-a6db0e3f960f: DetachedLogEvent(LogMessage(debug,  :: sorting:: found: List(sbt.plugins.CorePlugin) not found List(sbt.plugins.IvyPlugin, sbt.plugins.JvmPlugin, sbt.plugins.JUnitXmlReportPlugin)))
Sending msg to client play-fork-run-9053340c-9182-4414-9513-a6db0e3f960f: DetachedLogEvent(LogMessage(debug,  :: sorting:: found: List(sbt.plugins.CorePlugin, sbt.plugins.IvyPlugin) not found List(sbt.plugins.JvmPlugin, sbt.plugins.JUnitXmlReportPlugin)))
Sending msg to client play-fork-run-9053340c-9182-4414-9513-a6db0e3f960f: DetachedLogEvent(LogMessage(debug,  :: sorting:: found: List(sbt.plugins.CorePlugin, sbt.plugins.IvyPlugin, sbt.plugins.JvmPlugin) not found List(sbt.plugins.JUnitXmlReportPlugin)))
Sending msg to client play-fork-run-9053340c-9182-4414-9513-a6db0e3f960f: DetachedLogEvent(LogMessage(debug,  :: sorting:: found: List(sbt.plugins.CorePlugin, sbt.plugins.IvyPlugin, sbt.plugins.JvmPlugin, sbt.plugins.JUnitXmlReportPlugin) not found List()))
Sending msg to client play-fork-run-9053340c-9182-4414-9513-a6db0e3f960f: DetachedLogEvent(LogMessage(debug,  :: sorted deduced result: List(sbt.plugins.CorePlugin, sbt.plugins.IvyPlugin, sbt.plugins.JvmPlugin, sbt.plugins.JUnitXmlReportPlugin)))
Sending msg to client play-fork-run-9053340c-9182-4414-9513-a6db0e3f960f: DetachedLogEvent(LogMessage(debug,[Loading] Done in /Users/jackdavey/Documents/Testing-And-Tailoring-Cloud-Storages/cloudStorage/project, returning: (cloudstorage-build)))
Sending msg to client play-fork-run-9053340c-9182-4414-9513-a6db0e3f960f: DetachedLogEvent(LogMessage(info,Loading project definition from /Users/jackdavey/Documents/Testing-And-Tailoring-Cloud-Storages/cloudStorage/project))
Sending msg to client play-fork-run-9053340c-9182-4414-9513-a6db0e3f960f: DetachedLogEvent(LogMessage(debug,Running task... Cancel: sbt.TaskCancellationStrategy$Null$@45ec90c9, check cycles: false))
Sending msg to client play-fork-run-9053340c-9182-4414-9513-a6db0e3f960f: DetachedLogEvent(LogMessage(debug,
Initial source changes: 
	removed:Set()
	added: Set()
	modified: Set()
Removed products: Set()
External API changes: API Changes: Set()
Modified binary dependencies: Set()
Initial directly invalidated sources: Set()

Sources indirectly invalidated by:
	product: Set()
	binary dep: Set()
	external source: Set()))
Sending msg to client play-fork-run-9053340c-9182-4414-9513-a6db0e3f960f: DetachedLogEvent(LogMessage(debug,All initially invalidated sources: Set()
))
Sending msg to client play-fork-run-9053340c-9182-4414-9513-a6db0e3f960f: DetachedLogEvent(LogMessage(debug,Copy resource mappings: 
	))
Sending msg to client play-fork-run-9053340c-9182-4414-9513-a6db0e3f960f: DetachedLogEvent(LogMessage(debug,[Loading] Scanning directory /Users/jackdavey/Documents/Testing-And-Tailoring-Cloud-Storages/cloudStorage))
Sending msg to client play-fork-run-9053340c-9182-4414-9513-a6db0e3f960f: DetachedLogEvent(LogMessage(debug,[Loading] Found root project root w/ remaining ))
Sending msg to client play-fork-run-9053340c-9182-4414-9513-a6db0e3f960f: DetachedLogEvent(LogMessage(debug,deducing auto plugins based on known facts Set(Atom(play.PlayScala), Atom(sbt.plugins.CorePlugin)) and clauses Clauses(List(Clause(Atom(sbt.plugins.JvmPlugin),Set(Atom(sbt.plugins.IvyPlugin))), Clause(Atom(sbt.plugins.JUnitXmlReportPlugin),Set(Atom(sbt.plugins.JvmPlugin))), Clause(Atom(play.sbt.forkrun.PlayForkRun),Set(Atom(sbt.plugins.BackgroundRunPlugin))), Clause(Atom(play.sbt.forkrun.PlayForkRun),Set(Atom(play.Play))), Clause(Atom(play.sbt.forkrun.PlayForkRun),Set(Atom(sbt.plugins.SerializersPlugin))), Clause(Atom(play.Play),Set(Atom(com.typesafe.sbt.webdriver.SbtWebDriver))), Clause(Atom(play.Play),Set(Atom(play.twirl.sbt.SbtTwirl))), Clause(Atom(play.Play),Set(Atom(com.typesafe.sbt.jse.SbtJsTask))), Clause(Atom(play.PlayJava),Set(Atom(play.Play))), Clause(Atom(play.PlayScala),Set(Atom(play.Play))), Clause(Atom(play.twirl.sbt.SbtTwirl),Set(Atom(sbt.plugins.JvmPlugin))), Clause(Atom(com.typesafe.sbt.jse.SbtJsEngine),Set(Atom(com.typesafe.sbt.web.SbtWeb))), Clause(Atom(com.typesafe.sbt.jse.SbtJsTask),Set(Atom(com.typesafe.sbt.jse.SbtJsEngine))), Clause(Atom(com.typesafe.sbt.webdriver.SbtWebDriver),Set(Atom(com.typesafe.sbt.web.SbtWeb))), Clause(Atom(sbt.plugins.BackgroundRunPlugin),Set(Atom(sbt.plugins.JvmPlugin))), Clause(Atom(sbt.plugins.CorePlugin),Set(Atom(sbt.plugins.IvyPlugin))), Clause(Atom(sbt.plugins.IvyPlugin),Set(Atom(sbt.plugins.JvmPlugin))), Clause(Atom(sbt.plugins.JvmPlugin),Set(Atom(sbt.plugins.JUnitXmlReportPlugin))), Clause(And(Set(Atom(sbt.plugins.BackgroundRunPlugin), Atom(play.Play), Atom(sbt.plugins.SerializersPlugin))),Set(Atom(play.sbt.forkrun.PlayForkRun))), Clause(Atom(com.typesafe.sbt.web.SbtWeb),Set(Atom(com.typesafe.sbt.jse.SbtJsEngine))), Clause(Atom(com.typesafe.sbt.jse.SbtJsEngine),Set(Atom(com.typesafe.sbt.jse.SbtJsTask))), Clause(Atom(com.typesafe.sbt.web.SbtWeb),Set(Atom(com.typesafe.sbt.webdriver.SbtWebDriver))), Clause(Atom(sbt.plugins.JvmPlugin),Set(Atom(sbt.plugins.BackgroundRunPlugin))), Clause(Atom(sbt.plugins.CorePlugin),Set(Atom(sbt.plugins.InteractionServicePlugin))), Clause(Atom(sbt.plugins.CorePlugin),Set(Atom(sbt.plugins.SendEventServicePlugin))), Clause(Atom(sbt.plugins.CorePlugin),Set(Atom(sbt.plugins.SerializersPlugin)))))))
Sending msg to client play-fork-run-9053340c-9182-4414-9513-a6db0e3f960f: DetachedLogEvent(LogMessage(debug,  :: deduced result: Matched(sbt.plugins.CorePlugin,play.PlayScala,sbt.plugins.InteractionServicePlugin,sbt.plugins.SendEventServicePlugin,play.Play,sbt.plugins.SerializersPlugin,sbt.plugins.IvyPlugin,sbt.plugins.JvmPlugin,com.typesafe.sbt.jse.SbtJsTask,play.twirl.sbt.SbtTwirl,com.typesafe.sbt.webdriver.SbtWebDriver,sbt.plugins.BackgroundRunPlugin,sbt.plugins.JUnitXmlReportPlugin,com.typesafe.sbt.web.SbtWeb,com.typesafe.sbt.jse.SbtJsEngine,play.sbt.forkrun.PlayForkRun)))
Sending msg to client play-fork-run-9053340c-9182-4414-9513-a6db0e3f960f: DetachedLogEvent(LogMessage(debug,sorting: ns: List(sbt.plugins.CorePlugin, play.PlayScala, sbt.plugins.InteractionServicePlugin, sbt.plugins.SendEventServicePlugin, play.Play, sbt.plugins.SerializersPlugin, sbt.plugins.IvyPlugin, sbt.plugins.JvmPlugin, com.typesafe.sbt.jse.SbtJsTask, play.twirl.sbt.SbtTwirl, com.typesafe.sbt.webdriver.SbtWebDriver, sbt.plugins.BackgroundRunPlugin, sbt.plugins.JUnitXmlReportPlugin, com.typesafe.sbt.web.SbtWeb, com.typesafe.sbt.jse.SbtJsEngine, play.sbt.forkrun.PlayForkRun)))
Sending msg to client play-fork-run-9053340c-9182-4414-9513-a6db0e3f960f: DetachedLogEvent(LogMessage(debug,  :: sorting:: found: List(sbt.plugins.CorePlugin, com.typesafe.sbt.web.SbtWeb) not found List(play.PlayScala, sbt.plugins.InteractionServicePlugin, sbt.plugins.SendEventServicePlugin, play.Play, sbt.plugins.SerializersPlugin, sbt.plugins.IvyPlugin, sbt.plugins.JvmPlugin, com.typesafe.sbt.jse.SbtJsTask, play.twirl.sbt.SbtTwirl, com.typesafe.sbt.webdriver.SbtWebDriver, sbt.plugins.BackgroundRunPlugin, sbt.plugins.JUnitXmlReportPlugin, com.typesafe.sbt.jse.SbtJsEngine, play.sbt.forkrun.PlayForkRun)))
Sending msg to client play-fork-run-9053340c-9182-4414-9513-a6db0e3f960f: DetachedLogEvent(LogMessage(debug,  :: sorting:: found: List(sbt.plugins.CorePlugin, com.typesafe.sbt.web.SbtWeb, sbt.plugins.InteractionServicePlugin, sbt.plugins.SendEventServicePlugin, sbt.plugins.SerializersPlugin, sbt.plugins.IvyPlugin, com.typesafe.sbt.webdriver.SbtWebDriver, com.typesafe.sbt.jse.SbtJsEngine) not found List(play.PlayScala, play.Play, sbt.plugins.JvmPlugin, com.typesafe.sbt.jse.SbtJsTask, play.twirl.sbt.SbtTwirl, sbt.plugins.BackgroundRunPlugin, sbt.plugins.JUnitXmlReportPlugin, play.sbt.forkrun.PlayForkRun)))
Sending msg to client play-fork-run-9053340c-9182-4414-9513-a6db0e3f960f: DetachedLogEvent(LogMessage(debug,  :: sorting:: found: List(sbt.plugins.CorePlugin, com.typesafe.sbt.web.SbtWeb, sbt.plugins.InteractionServicePlugin, sbt.plugins.SendEventServicePlugin, sbt.plugins.SerializersPlugin, sbt.plugins.IvyPlugin, com.typesafe.sbt.webdriver.SbtWebDriver, com.typesafe.sbt.jse.SbtJsEngine, sbt.plugins.JvmPlugin, com.typesafe.sbt.jse.SbtJsTask) not found List(play.PlayScala, play.Play, play.twirl.sbt.SbtTwirl, sbt.plugins.BackgroundRunPlugin, sbt.plugins.JUnitXmlReportPlugin, play.sbt.forkrun.PlayForkRun)))
Sending msg to client play-fork-run-9053340c-9182-4414-9513-a6db0e3f960f: DetachedLogEvent(LogMessage(debug,  :: sorting:: found: List(sbt.plugins.CorePlugin, com.typesafe.sbt.web.SbtWeb, sbt.plugins.InteractionServicePlugin, sbt.plugins.SendEventServicePlugin, sbt.plugins.SerializersPlugin, sbt.plugins.IvyPlugin, com.typesafe.sbt.webdriver.SbtWebDriver, com.typesafe.sbt.jse.SbtJsEngine, sbt.plugins.JvmPlugin, com.typesafe.sbt.jse.SbtJsTask, play.twirl.sbt.SbtTwirl, sbt.plugins.BackgroundRunPlugin, sbt.plugins.JUnitXmlReportPlugin) not found List(play.PlayScala, play.Play, play.sbt.forkrun.PlayForkRun)))
Sending msg to client play-fork-run-9053340c-9182-4414-9513-a6db0e3f960f: DetachedLogEvent(LogMessage(debug,  :: sorting:: found: List(sbt.plugins.CorePlugin, com.typesafe.sbt.web.SbtWeb, sbt.plugins.InteractionServicePlugin, sbt.plugins.SendEventServicePlugin, sbt.plugins.SerializersPlugin, sbt.plugins.IvyPlugin, com.typesafe.sbt.webdriver.SbtWebDriver, com.typesafe.sbt.jse.SbtJsEngine, sbt.plugins.JvmPlugin, com.typesafe.sbt.jse.SbtJsTask, play.twirl.sbt.SbtTwirl, sbt.plugins.BackgroundRunPlugin, sbt.plugins.JUnitXmlReportPlugin, play.Play) not found List(play.PlayScala, play.sbt.forkrun.PlayForkRun)))
Sending msg to client play-fork-run-9053340c-9182-4414-9513-a6db0e3f960f: DetachedLogEvent(LogMessage(debug,  :: sorting:: found: List(sbt.plugins.CorePlugin, com.typesafe.sbt.web.SbtWeb, sbt.plugins.InteractionServicePlugin, sbt.plugins.SendEventServicePlugin, sbt.plugins.SerializersPlugin, sbt.plugins.IvyPlugin, com.typesafe.sbt.webdriver.SbtWebDriver, com.typesafe.sbt.jse.SbtJsEngine, sbt.plugins.JvmPlugin, com.typesafe.sbt.jse.SbtJsTask, play.twirl.sbt.SbtTwirl, sbt.plugins.BackgroundRunPlugin, sbt.plugins.JUnitXmlReportPlugin, play.Play, play.PlayScala, play.sbt.forkrun.PlayForkRun) not found List()))
Sending msg to client play-fork-run-9053340c-9182-4414-9513-a6db0e3f960f: DetachedLogEvent(LogMessage(debug,  :: sorted deduced result: List(sbt.plugins.CorePlugin, com.typesafe.sbt.web.SbtWeb, sbt.plugins.InteractionServicePlugin, sbt.plugins.SendEventServicePlugin, sbt.plugins.SerializersPlugin, sbt.plugins.IvyPlugin, com.typesafe.sbt.webdriver.SbtWebDriver, com.typesafe.sbt.jse.SbtJsEngine, sbt.plugins.JvmPlugin, com.typesafe.sbt.jse.SbtJsTask, play.twirl.sbt.SbtTwirl, sbt.plugins.BackgroundRunPlugin, sbt.plugins.JUnitXmlReportPlugin, play.Play, play.PlayScala, play.sbt.forkrun.PlayForkRun)))
Sending msg to client play-fork-run-9053340c-9182-4414-9513-a6db0e3f960f: DetachedLogEvent(LogMessage(debug,[Loading] Done in /Users/jackdavey/Documents/Testing-And-Tailoring-Cloud-Storages/cloudStorage, returning: (root)))
Sending msg to client play-fork-run-9053340c-9182-4414-9513-a6db0e3f960f: DetachedLogEvent(LogMessage(info,Set current project to Testing and Tailoring cloud storages (in build file:/Users/jackdavey/Documents/Testing-And-Tailoring-Cloud-Storages/cloudStorage/)))
Sending msg to client play-fork-run-9053340c-9182-4414-9513-a6db0e3f960f: DetachedLogEvent(LogMessage(info,Reapplying settings...))
Sending msg to client play-fork-run-9053340c-9182-4414-9513-a6db0e3f960f: DetachedLogEvent(LogMessage(info,Set current project to Testing and Tailoring cloud storages (in build file:/Users/jackdavey/Documents/Testing-And-Tailoring-Cloud-Storages/cloudStorage/)))
Sending msg to client play-fork-run-9053340c-9182-4414-9513-a6db0e3f960f: DetachedLogEvent(LogMessage(debug,> iflast shell))
Sending msg to client play-fork-run-9053340c-9182-4414-9513-a6db0e3f960f: DetachedLogEvent(LogMessage(debug,> server-send-ready-for-request))
Sending msg to client play-fork-run-9053340c-9182-4414-9513-a6db0e3f960f: BuildLoaded()
Sending msg to client play-fork-run-9053340c-9182-4414-9513-a6db0e3f960f: DetachedLogEvent(LogMessage(debug,> server-handle-next-server-request))
Got request: UnlistenToEvents()
Reading next message from client.
Sending msg to client play-fork-run-9053340c-9182-4414-9513-a6db0e3f960f: (4,ReceivedResponse())
Got request: ListenToValue(AttributeKey[play.forkrun.protocol.ForkConfig]("playForkConfig") in Scope(Build: file:/Users/jackdavey/Documents/Testing-And-Tailoring-Cloud-Storages/cloudStorage/, , Project: ProjectReference(file:/Users/jackdavey/Documents/Testing-And-Tailoring-Cloud-Storages/cloudStorage/,root)))
Reading next message from client.
Got request: UnlistenToValue(AttributeKey[play.forkrun.protocol.ForkConfig]("playForkConfig") in Scope(Build: file:/Users/jackdavey/Documents/Testing-And-Tailoring-Cloud-Storages/cloudStorage/, , Project: ProjectReference(file:/Users/jackdavey/Documents/Testing-And-Tailoring-Cloud-Storages/cloudStorage/,root)))
Reading next message from client.
Client play-fork-run-9053340c-9182-4414-9513-a6db0e3f960f EOF, shutting down.
Stopping client.
Client play-fork-run-9053340c-9182-4414-9513-a6db0e3f960f thread exiting.
Dropping message (5,ReceivedResponse()) to dead client play-fork-run-9053340c-9182-4414-9513-a6db0e3f960f
Dropping message (6,ReceivedResponse()) to dead client play-fork-run-9053340c-9182-4414-9513-a6db0e3f960f
Dropping message (0,ReceivedResponse()) to dead client play-fork-run-9053340c-9182-4414-9513-a6db0e3f960f
